[debug] [2022-06-05T10:58:51.742Z] ----------------------------------------------------------------------
[debug] [2022-06-05T10:58:51.745Z] Command:       /home/toni/.nvm/versions/node/v16.13.1/bin/node /home/toni/.nvm/versions/node/v16.13.1/bin/firebase init hosting
[debug] [2022-06-05T10:58:51.745Z] CLI Version:   11.0.1
[debug] [2022-06-05T10:58:51.745Z] Platform:      linux
[debug] [2022-06-05T10:58:51.745Z] Node Version:  v16.13.1
[debug] [2022-06-05T10:58:51.746Z] Time:          Sun Jun 05 2022 17:58:51 GMT+0700 (Western Indonesia Time)
[debug] [2022-06-05T10:58:51.746Z] ----------------------------------------------------------------------
[debug] 
[debug] [2022-06-05T10:58:51.812Z] > command requires scopes: ["email","openid","https://www.googleapis.com/auth/cloudplatformprojects.readonly","https://www.googleapis.com/auth/firebase","https://www.googleapis.com/auth/cloud-platform"]
[debug] [2022-06-05T10:58:51.812Z] > authorizing via signed-in user (tondikiag30@gmail.com)
[info] 
     ######## #### ########  ######## ########     ###     ######  ########
     ##        ##  ##     ## ##       ##     ##  ##   ##  ##       ##
     ######    ##  ########  ######   ########  #########  ######  ######
     ##        ##  ##    ##  ##       ##     ## ##     ##       ## ##
     ##       #### ##     ## ######## ########  ##     ##  ######  ########

You're about to initialize a Firebase project in this directory:

  /home/toni/Programming/freelance/E-Commerce-FE/hana-aqua-client

Before we get started, keep in mind:

  * You are initializing within an existing Firebase project directory

[info] 
=== Project Setup
[info] 
[info] First, let's associate this project directory with a Firebase project.
[info] You can create multiple project aliases by running firebase use --add, 
[info] but for now we'll just set up a default project.
[info] 
[debug] [2022-06-05T10:58:51.818Z] Using project from CLI flag: hana-aqua
[debug] [2022-06-05T10:58:51.821Z] >>> [apiv2][query] GET https://firebase.googleapis.com/v1beta1/projects/hana-aqua [none]
[debug] [2022-06-05T10:58:52.566Z] <<< [apiv2][status] GET https://firebase.googleapis.com/v1beta1/projects/hana-aqua 200
[debug] [2022-06-05T10:58:52.566Z] <<< [apiv2][body] GET https://firebase.googleapis.com/v1beta1/projects/hana-aqua {"projectId":"hana-aqua","projectNumber":"663357228085","displayName":"hana-aqua","name":"projects/hana-aqua","resources":{"hostingSite":"hana-aqua"},"state":"ACTIVE"}
[info] i  Using project hana-aqua (hana-aqua) 
[info] 
=== Hosting Setup
[info] 
[info] Your public directory is the folder (relative to your project directory) that
[info] will contain Hosting assets to be uploaded with firebase deploy. If you
[info] have a build process for your assets, use your build's output directory.
[info] 
[debug] [2022-06-05T10:59:48.427Z] >>> [apiv2][query] GET https://www.gstatic.com/firebasejs/releases.json [none]
[debug] [2022-06-05T10:59:48.633Z] <<< [apiv2][status] GET https://www.gstatic.com/firebasejs/releases.json 200
[debug] [2022-06-05T10:59:48.634Z] <<< [apiv2][body] GET https://www.gstatic.com/firebasejs/releases.json {"current":{"version":"9.8.2","browserURL":"https://www.gstatic.com/firebasejs/9.8.2/firebase.js","packageURL":"https://www.gstatic.com/firebasejs/9.8.2/firebase.tgz"},"live":{"version":"9.8","browserURL":"https://www.gstatic.com/firebasejs/live/9.8/firebase.js","packageURL":"https://www.gstatic.com/firebasejs/live/9.8/firebase.tgz"},"components":{"analytics":"https://www.gstatic.com/firebasejs/9.8.2/firebase-analytics.js","app":"https://www.gstatic.com/firebasejs/9.8.2/firebase-app.js","app-check":"https://www.gstatic.com/firebasejs/9.8.2/firebase-app-check.js","auth":"https://www.gstatic.com/firebasejs/9.8.2/firebase-auth.js","auth/cordova":"https://www.gstatic.com/firebasejs/9.8.2/firebase-auth/cordova.js","auth/react-native":"https://www.gstatic.com/firebasejs/9.8.2/firebase-auth/react-native.js","functions":"https://www.gstatic.com/firebasejs/9.8.2/firebase-functions.js","firestore":"https://www.gstatic.com/firebasejs/9.8.2/firebase-firestore.js","firestore/lite":"https://www.gstatic.com/firebasejs/9.8.2/firebase-firestore/lite.js","storage":"https://www.gstatic.com/firebasejs/9.8.2/firebase-storage.js","performance":"https://www.gstatic.com/firebasejs/9.8.2/firebase-performance.js","remote-config":"https://www.gstatic.com/firebasejs/9.8.2/firebase-remote-config.js","messaging":"https://www.gstatic.com/firebasejs/9.8.2/firebase-messaging.js","messaging/sw":"https://www.gstatic.com/firebasejs/9.8.2/firebase-messaging/sw.js","database":"https://www.gstatic.com/firebasejs/9.8.2/firebase-database.js","firestore.memory":"https://www.gstatic.com/firebasejs/9.8.2/firebase-firestore.memory.js"}}
[info] i  Skipping write of build/index.html 
[info] 
[info] i  Detected a .git folder at /home/toni/Programming/freelance/E-Commerce-FE 
[info] i  Authorizing with GitHub to upload your service account to a GitHub repository's secrets store. 
[info] 
[info] Visit this URL on this device to log in:
[info] https://github.com/login/oauth/authorize?client_id=89cf50f02ac6aaed3484&state=496819815&redirect_uri=http%3A%2F%2Flocalhost%3A9005&scope=read%3Auser%20repo%20public_repo
[info] 
[info] Waiting for authentication...
[debug] [2022-06-05T11:00:17.960Z] >>> HTTP REQUEST POST https://github.com/login/oauth/access_token  
 {"client_id":"89cf50f02ac6aaed3484","client_secret":"3330d14abc895d9a74d5f17cd7a00711fa2c5bf0","code":"bbd07e660574b86199a4","redirect_uri":"http://localhost:9005","state":"496819815"}
[debug] [2022-06-05T11:00:18.569Z] <<< HTTP RESPONSE 200 {"server":"GitHub.com","date":"Sun, 05 Jun 2022 11:00:18 GMT","content-type":"application/json; charset=utf-8","transfer-encoding":"chunked","vary":"X-PJAX, X-PJAX-Container, Turbo-Visit, Turbo-Frame, Accept-Encoding, Accept, X-Requested-With","permissions-policy":"interest-cohort=()","etag":"W/\"46d9c46be4276e3d2875cc0d2a40fd8b\"","cache-control":"max-age=0, private, must-revalidate","strict-transport-security":"max-age=31536000; includeSubdomains; preload","x-frame-options":"deny","x-content-type-options":"nosniff","x-xss-protection":"0","referrer-policy":"origin-when-cross-origin, strict-origin-when-cross-origin","expect-ct":"max-age=2592000, report-uri=\"https://api.github.com/_private/browser/errors\"","content-security-policy":"default-src 'none'; base-uri 'self'; block-all-mixed-content; child-src github.com/assets-cdn/worker/ gist.github.com/assets-cdn/worker/; connect-src 'self' uploads.github.com objects-origin.githubusercontent.com www.githubstatus.com collector.github.com raw.githubusercontent.com api.github.com github-cloud.s3.amazonaws.com github-production-repository-file-5c1aeb.s3.amazonaws.com github-production-upload-manifest-file-7fdce7.s3.amazonaws.com github-production-user-asset-6210df.s3.amazonaws.com cdn.optimizely.com logx.optimizely.com/v1/events *.actions.githubusercontent.com wss://*.actions.githubusercontent.com online.visualstudio.com/api/v1/locations github-production-repository-image-32fea6.s3.amazonaws.com github-production-release-asset-2e65be.s3.amazonaws.com insights.github.com wss://alive.github.com; font-src github.githubassets.com; form-action 'self' github.com gist.github.com objects-origin.githubusercontent.com; frame-ancestors 'none'; frame-src render.githubusercontent.com viewscreen.githubusercontent.com notebooks.githubusercontent.com; img-src 'self' data: github.githubassets.com identicons.github.com github-cloud.s3.amazonaws.com secured-user-images.githubusercontent.com/ github-production-user-asset-6210df.s3.amazonaws.com *.githubusercontent.com; manifest-src 'self'; media-src github.com user-images.githubusercontent.com/; script-src github.githubassets.com; style-src 'unsafe-inline' github.githubassets.com; worker-src github.com/assets-cdn/worker/ gist.github.com/assets-cdn/worker/","x-github-request-id":"8472:0C7E:50B13:645DF:629C8CC2"}
[debug] [2022-06-05T11:00:18.580Z] >>> [apiv2][query] GET https://api.github.com/user [none]
[debug] [2022-06-05T11:00:19.184Z] <<< [apiv2][status] GET https://api.github.com/user 200
[debug] [2022-06-05T11:00:19.185Z] <<< [apiv2][body] GET https://api.github.com/user {"login":"tondikii","id":86637304,"node_id":"MDQ6VXNlcjg2NjM3MzA0","avatar_url":"https://avatars.githubusercontent.com/u/86637304?v=4","gravatar_id":"","url":"https://api.github.com/users/tondikii","html_url":"https://github.com/tondikii","followers_url":"https://api.github.com/users/tondikii/followers","following_url":"https://api.github.com/users/tondikii/following{/other_user}","gists_url":"https://api.github.com/users/tondikii/gists{/gist_id}","starred_url":"https://api.github.com/users/tondikii/starred{/owner}{/repo}","subscriptions_url":"https://api.github.com/users/tondikii/subscriptions","organizations_url":"https://api.github.com/users/tondikii/orgs","repos_url":"https://api.github.com/users/tondikii/repos","events_url":"https://api.github.com/users/tondikii/events{/privacy}","received_events_url":"https://api.github.com/users/tondikii/received_events","type":"User","site_admin":false,"name":null,"company":null,"blog":"","location":null,"email":null,"hireable":null,"bio":null,"twitter_username":null,"public_repos":9,"public_gists":0,"followers":8,"following":9,"created_at":"2021-06-29T01:23:51Z","updated_at":"2022-06-05T09:23:57Z","private_gists":0,"total_private_repos":15,"owned_private_repos":13,"disk_usage":22357,"collaborators":0,"two_factor_authentication":false,"plan":{"name":"free","space":976562499,"collaborators":0,"private_repos":10000}}
[info] 
[info] ✔  Success! Logged into GitHub as tondikii 
[info] 
